
F:\PhoneGap\ApkBuilder>cd F:\PhoneGap\ApkBuilder 

F:\PhoneGap\ApkBuilder>Xcopy ..\libs F:\PhoneGap\ApkBuilder\SuperPhone\libs  /e /y 
..\libs\cordova-1.7.0.jar
..\libs\SMCore.jar
..\libs\SMPlugins.jar
复制了 3 个文件

F:\PhoneGap\ApkBuilder>Xcopy ..\res\xml F:\PhoneGap\ApkBuilder\SuperPhone\res\xml  /e /y 
..\res\xml\cordova.xml
..\res\xml\plugins.xml
复制了 2 个文件

F:\PhoneGap\ApkBuilder>copy ..\res\splash.png F:\PhoneGap\ApkBuilder\SuperPhone\res\drawable-hdpi /y 
已复制         1 个文件。

F:\PhoneGap\ApkBuilder>Xcopy ..\src\com\supermap\javascript F:\PhoneGap\ApkBuilder\SuperPhone\src\com\supermap\javascript /e /y 
..\src\com\supermap\javascript\SuperPhoneActivity.java
复制了 1 个文件

F:\PhoneGap\ApkBuilder>Xcopy F:\PhoneGap\clouddemo SuperPhone\assets\www /e /y 
F:\PhoneGap\clouddemo\index.html
F:\PhoneGap\clouddemo\css\cloudFrame.css
F:\PhoneGap\clouddemo\images\ajax-loader.png
F:\PhoneGap\clouddemo\images\icons-18-white.png
F:\PhoneGap\clouddemo\images\logo.png
F:\PhoneGap\clouddemo\images\mark.png
F:\PhoneGap\clouddemo\images\mark2.png
F:\PhoneGap\clouddemo\js\common.js
F:\PhoneGap\clouddemo\js\cordova-1.7.0.js
F:\PhoneGap\clouddemo\js\frame.js
F:\PhoneGap\clouddemo\js\jquery.js
F:\PhoneGap\clouddemo\js\LocationControl.js
F:\PhoneGap\clouddemo\js\MeasureDistanceForCloud.js
F:\PhoneGap\clouddemo\js\QueryForCloudService.js
F:\PhoneGap\clouddemo\js\ShotScreenControl.js
F:\PhoneGap\clouddemo\js\SuperMap.js
F:\PhoneGap\clouddemo\resource\controlImages\blank.gif
F:\PhoneGap\clouddemo\resource\controlImages\close.gif
F:\PhoneGap\clouddemo\resource\controlImages\cloud-popup-relative.png
F:\PhoneGap\clouddemo\resource\controlImages\east-mini.png
F:\PhoneGap\clouddemo\resource\controlImages\layer-switcher-maximize.png
F:\PhoneGap\clouddemo\resource\controlImages\layer-switcher-minimize.png
F:\PhoneGap\clouddemo\resource\controlImages\marker-gold.png
F:\PhoneGap\clouddemo\resource\controlImages\marker.png
F:\PhoneGap\clouddemo\resource\controlImages\minimize.png
F:\PhoneGap\clouddemo\resource\controlImages\north-mini.png
F:\PhoneGap\clouddemo\resource\controlImages\overView.png
F:\PhoneGap\clouddemo\resource\controlImages\slider.png
F:\PhoneGap\clouddemo\resource\controlImages\south-mini.png
F:\PhoneGap\clouddemo\resource\controlImages\west-mini.png
F:\PhoneGap\clouddemo\resource\controlImages\zoom-maxextent-mini.png
F:\PhoneGap\clouddemo\resource\controlImages\zoom-maxextent-mini_one.png
F:\PhoneGap\clouddemo\resource\controlImages\zoom-minus-mini.png
F:\PhoneGap\clouddemo\resource\controlImages\zoom-plus-mini.png
F:\PhoneGap\clouddemo\resource\controlImages\zoombar.png
F:\PhoneGap\clouddemo\resource\controlImages\zoombar_center.png
F:\PhoneGap\clouddemo\resource\controlImages\zoombar_glide.png
F:\PhoneGap\clouddemo\resource\controlImages\zoom_city.png
F:\PhoneGap\clouddemo\resource\controlImages\zoom_country.png
F:\PhoneGap\clouddemo\resource\controlImages\zoom_province.png
F:\PhoneGap\clouddemo\resource\controlImages\zoom_street.png
F:\PhoneGap\clouddemo\resource\theme\default\style.css
复制了 42 个文件

F:\PhoneGap\ApkBuilder>cd F:\PhoneGap\ApkBuilder/SuperPhone/ 

F:\PhoneGap\ApkBuilder\SuperPhone>android update project --name SuperPhone -t 1 -p ./ 
Updated and renamed default.properties to project.properties
Updated local.properties
Added file F:\PhoneGap\ApkBuilder\SuperPhone\build.xml
Added file F:\PhoneGap\ApkBuilder\SuperPhone\proguard-project.txt

F:\PhoneGap\ApkBuilder>cd F:\PhoneGap\ApkBuilder 

F:\PhoneGap\ApkBuilder>cd F:\PhoneGap\ApkBuilder/SuperPhone 

F:\PhoneGap\ApkBuilder\SuperPhone>ant release 
Buildfile: F:\PhoneGap\ApkBuilder\SuperPhone\build.xml

-set-mode-check:

-set-release-mode:

-release-obfuscation-check:
     [echo] proguard.config is ${proguard.config}

-check-env:
 [checkenv] Android SDK Tools Revision 20.0.1
 [checkenv] Installed at D:\android-sdk-windows

-setup:
     [echo] Project Name: SuperPhone
  [gettype] Project Type: Application

-build-setup:
     [echo] Resolving Build Target for SuperPhone...
[gettarget] Project Target:   Android 2.2
[gettarget] API level:        8
     [echo] ----------
     [echo] Creating output directories if needed...
    [mkdir] Created dir: F:\PhoneGap\ApkBuilder\SuperPhone\bin\res
    [mkdir] Created dir: F:\PhoneGap\ApkBuilder\SuperPhone\bin\classes
     [echo] ----------
     [echo] Resolving Dependencies for SuperPhone...
[dependency] Library dependencies:
[dependency] No Libraries
[dependency] 
[dependency] ------------------
[dependency] API<=15: Adding annotations.jar to the classpath.
     [echo] ----------
     [echo] Building Libraries with 'release'...
   [subant] No sub-builds to iterate on

-pre-build:

-code-gen:
[mergemanifest] Merging AndroidManifest files into one.
[mergemanifest] Manifest merger disabled. Using project manifest only.
     [echo] Handling aidl files...
     [aidl] No AIDL files to compile.
     [echo] ----------
     [echo] Handling RenderScript files...
[renderscript] No RenderScript files to compile.
     [echo] ----------
     [echo] Handling Resources...
     [aapt] Found Deleted Target File
     [aapt] Generating resource IDs...
     [echo] ----------
     [echo] Handling BuildConfig class...
[buildconfig] Generating BuildConfig class.

-pre-compile:

-compile:
    [javac] Compiling 3 source files to F:\PhoneGap\ApkBuilder\SuperPhone\bin\classes
    [javac] F:\PhoneGap\ApkBuilder\SuperPhone\src\com\supermap\javascript\SuperPhoneActivity.java:11: 警告：编码 UTF-8 的不可映射字符
    [javac] // ?????PhoneGap??DroidGap?????WebView??WebKit???????
    [javac]    ^
    [javac] F:\PhoneGap\ApkBuilder\SuperPhone\src\com\supermap\javascript\SuperPhoneActivity.java:11: 警告：编码 UTF-8 的不可映射字符
    [javac] // ?????PhoneGap??DroidGap?????WebView??WebKit???????
    [javac]      ^
    [javac] F:\PhoneGap\ApkBuilder\SuperPhone\src\com\supermap\javascript\SuperPhoneActivity.java:11: 警告：编码 UTF-8 的不可映射字符
    [javac] // ?????PhoneGap??DroidGap?????WebView??WebKit???????
    [javac]       ^
    [javac] F:\PhoneGap\ApkBuilder\SuperPhone\src\com\supermap\javascript\SuperPhoneActivity.java:11: 警告：编码 UTF-8 的不可映射字符
    [javac] // ?????PhoneGap??DroidGap?????WebView??WebKit???????
    [javac]        ^
    [javac] F:\PhoneGap\ApkBuilder\SuperPhone\src\com\supermap\javascript\SuperPhoneActivity.java:11: 警告：编码 UTF-8 的不可映射字符
    [javac] // ?????PhoneGap??DroidGap?????WebView??WebKit???????
    [javac]                 ^
    [javac] F:\PhoneGap\ApkBuilder\SuperPhone\src\com\supermap\javascript\SuperPhoneActivity.java:11: 警告：编码 UTF-8 的不可映射字符
    [javac] // ?????PhoneGap??DroidGap?????WebView??WebKit???????
    [javac]                  ^
    [javac] F:\PhoneGap\ApkBuilder\SuperPhone\src\com\supermap\javascript\SuperPhoneActivity.java:11: 警告：编码 UTF-8 的不可映射字符
    [javac] // ?????PhoneGap??DroidGap?????WebView??WebKit???????
    [javac]                           ^
    [javac] F:\PhoneGap\ApkBuilder\SuperPhone\src\com\supermap\javascript\SuperPhoneActivity.java:11: 警告：编码 UTF-8 的不可映射字符
    [javac] // ?????PhoneGap??DroidGap?????WebView??WebKit???????
    [javac]                              ^
    [javac] F:\PhoneGap\ApkBuilder\SuperPhone\src\com\supermap\javascript\SuperPhoneActivity.java:11: 警告：编码 UTF-8 的不可映射字符
    [javac] // ?????PhoneGap??DroidGap?????WebView??WebKit???????
    [javac]                               ^
    [javac] F:\PhoneGap\ApkBuilder\SuperPhone\src\com\supermap\javascript\SuperPhoneActivity.java:11: 警告：编码 UTF-8 的不可映射字符
    [javac] // ?????PhoneGap??DroidGap?????WebView??WebKit???????
    [javac]                                       ^
    [javac] F:\PhoneGap\ApkBuilder\SuperPhone\src\com\supermap\javascript\SuperPhoneActivity.java:11: 警告：编码 UTF-8 的不可映射字符
    [javac] // ?????PhoneGap??DroidGap?????WebView??WebKit???????
    [javac]                                        ^
    [javac] F:\PhoneGap\ApkBuilder\SuperPhone\src\com\supermap\javascript\SuperPhoneActivity.java:11: 警告：编码 UTF-8 的不可映射字符
    [javac] // ?????PhoneGap??DroidGap?????WebView??WebKit???????
    [javac]                                               ^
    [javac] F:\PhoneGap\ApkBuilder\SuperPhone\src\com\supermap\javascript\SuperPhoneActivity.java:11: 警告：编码 UTF-8 的不可映射字符
    [javac] // ?????PhoneGap??DroidGap?????WebView??WebKit???????
    [javac]                                                ^
    [javac] F:\PhoneGap\ApkBuilder\SuperPhone\src\com\supermap\javascript\SuperPhoneActivity.java:11: 警告：编码 UTF-8 的不可映射字符
    [javac] // ?????PhoneGap??DroidGap?????WebView??WebKit???????
    [javac]                                                 ^
    [javac] F:\PhoneGap\ApkBuilder\SuperPhone\src\com\supermap\javascript\SuperPhoneActivity.java:11: 警告：编码 UTF-8 的不可映射字符
    [javac] // ?????PhoneGap??DroidGap?????WebView??WebKit???????
    [javac]                                                    ^
    [javac] F:\PhoneGap\ApkBuilder\SuperPhone\src\com\supermap\javascript\SuperPhoneActivity.java:11: 警告：编码 UTF-8 的不可映射字符
    [javac] // ?????PhoneGap??DroidGap?????WebView??WebKit???????
    [javac]                                                     ^
    [javac] F:\PhoneGap\ApkBuilder\SuperPhone\src\com\supermap\javascript\SuperPhoneActivity.java:19: 警告：编码 UTF-8 的不可映射字符
    [javac] 		// ????clouddemo????????index???
    [javac] 		   ^
    [javac] F:\PhoneGap\ApkBuilder\SuperPhone\src\com\supermap\javascript\SuperPhoneActivity.java:19: 警告：编码 UTF-8 的不可映射字符
    [javac] 		// ????clouddemo????????index???
    [javac] 		    ^
    [javac] F:\PhoneGap\ApkBuilder\SuperPhone\src\com\supermap\javascript\SuperPhoneActivity.java:19: 警告：编码 UTF-8 的不可映射字符
    [javac] 		// ????clouddemo????????index???
    [javac] 		     ^
    [javac] F:\PhoneGap\ApkBuilder\SuperPhone\src\com\supermap\javascript\SuperPhoneActivity.java:19: 警告：编码 UTF-8 的不可映射字符
    [javac] 		// ????clouddemo????????index???
    [javac] 		      ^
    [javac] F:\PhoneGap\ApkBuilder\SuperPhone\src\com\supermap\javascript\SuperPhoneActivity.java:19: 警告：编码 UTF-8 的不可映射字符
    [javac] 		// ????clouddemo????????index???
    [javac] 		                ^
    [javac] F:\PhoneGap\ApkBuilder\SuperPhone\src\com\supermap\javascript\SuperPhoneActivity.java:19: 警告：编码 UTF-8 的不可映射字符
    [javac] 		// ????clouddemo????????index???
    [javac] 		                  ^
    [javac] F:\PhoneGap\ApkBuilder\SuperPhone\src\com\supermap\javascript\SuperPhoneActivity.java:19: 警告：编码 UTF-8 的不可映射字符
    [javac] 		// ????clouddemo????????index???
    [javac] 		                   ^
    [javac] F:\PhoneGap\ApkBuilder\SuperPhone\src\com\supermap\javascript\SuperPhoneActivity.java:19: 警告：编码 UTF-8 的不可映射字符
    [javac] 		// ????clouddemo????????index???
    [javac] 		                    ^
    [javac] F:\PhoneGap\ApkBuilder\SuperPhone\src\com\supermap\javascript\SuperPhoneActivity.java:19: 警告：编码 UTF-8 的不可映射字符
    [javac] 		// ????clouddemo????????index???
    [javac] 		                     ^
    [javac] F:\PhoneGap\ApkBuilder\SuperPhone\src\com\supermap\javascript\SuperPhoneActivity.java:19: 警告：编码 UTF-8 的不可映射字符
    [javac] 		// ????clouddemo????????index???
    [javac] 		                       ^
    [javac] F:\PhoneGap\ApkBuilder\SuperPhone\src\com\supermap\javascript\SuperPhoneActivity.java:19: 警告：编码 UTF-8 的不可映射字符
    [javac] 		// ????clouddemo????????index???
    [javac] 		                              ^
    [javac] F:\PhoneGap\ApkBuilder\SuperPhone\src\com\supermap\javascript\SuperPhoneActivity.java:19: 警告：编码 UTF-8 的不可映射字符
    [javac] 		// ????clouddemo????????index???
    [javac] 		                               ^
    [javac] F:\PhoneGap\ApkBuilder\SuperPhone\src\com\supermap\javascript\SuperPhoneActivity.java:29: 警告：编码 UTF-8 的不可映射字符
    [javac] 	// PhoneGap??????????????????????
    [javac] 	            ^
    [javac] F:\PhoneGap\ApkBuilder\SuperPhone\src\com\supermap\javascript\SuperPhoneActivity.java:29: 警告：编码 UTF-8 的不可映射字符
    [javac] 	// PhoneGap??????????????????????
    [javac] 	              ^
    [javac] F:\PhoneGap\ApkBuilder\SuperPhone\src\com\supermap\javascript\SuperPhoneActivity.java:29: 警告：编码 UTF-8 的不可映射字符
    [javac] 	// PhoneGap??????????????????????
    [javac] 	               ^
    [javac] F:\PhoneGap\ApkBuilder\SuperPhone\src\com\supermap\javascript\SuperPhoneActivity.java:29: 警告：编码 UTF-8 的不可映射字符
    [javac] 	// PhoneGap??????????????????????
    [javac] 	                ^
    [javac] F:\PhoneGap\ApkBuilder\SuperPhone\src\com\supermap\javascript\SuperPhoneActivity.java:29: 警告：编码 UTF-8 的不可映射字符
    [javac] 	// PhoneGap??????????????????????
    [javac] 	                  ^
    [javac] F:\PhoneGap\ApkBuilder\SuperPhone\src\com\supermap\javascript\SuperPhoneActivity.java:29: 警告：编码 UTF-8 的不可映射字符
    [javac] 	// PhoneGap??????????????????????
    [javac] 	                    ^
    [javac] F:\PhoneGap\ApkBuilder\SuperPhone\src\com\supermap\javascript\SuperPhoneActivity.java:29: 警告：编码 UTF-8 的不可映射字符
    [javac] 	// PhoneGap??????????????????????
    [javac] 	                      ^
    [javac] F:\PhoneGap\ApkBuilder\SuperPhone\src\com\supermap\javascript\SuperPhoneActivity.java:29: 警告：编码 UTF-8 的不可映射字符
    [javac] 	// PhoneGap??????????????????????
    [javac] 	                       ^
    [javac] F:\PhoneGap\ApkBuilder\SuperPhone\src\com\supermap\javascript\SuperPhoneActivity.java:29: 警告：编码 UTF-8 的不可映射字符
    [javac] 	// PhoneGap??????????????????????
    [javac] 	                        ^
    [javac] F:\PhoneGap\ApkBuilder\SuperPhone\src\com\supermap\javascript\SuperPhoneActivity.java:29: 警告：编码 UTF-8 的不可映射字符
    [javac] 	// PhoneGap??????????????????????
    [javac] 	                          ^
    [javac] F:\PhoneGap\ApkBuilder\SuperPhone\src\com\supermap\javascript\SuperPhoneActivity.java:29: 警告：编码 UTF-8 的不可映射字符
    [javac] 	// PhoneGap??????????????????????
    [javac] 	                           ^
    [javac] F:\PhoneGap\ApkBuilder\SuperPhone\src\com\supermap\javascript\SuperPhoneActivity.java:29: 警告：编码 UTF-8 的不可映射字符
    [javac] 	// PhoneGap??????????????????????
    [javac] 	                             ^
    [javac] F:\PhoneGap\ApkBuilder\SuperPhone\src\com\supermap\javascript\SuperPhoneActivity.java:29: 警告：编码 UTF-8 的不可映射字符
    [javac] 	// PhoneGap??????????????????????
    [javac] 	                              ^
    [javac] F:\PhoneGap\ApkBuilder\SuperPhone\src\com\supermap\javascript\SuperPhoneActivity.java:29: 警告：编码 UTF-8 的不可映射字符
    [javac] 	// PhoneGap??????????????????????
    [javac] 	                                ^
    [javac] 42 警告

-post-compile:

-obfuscate:

-dex:
      [dex] Converting compiled files and external libraries into F:\PhoneGap\ApkBuilder\SuperPhone\bin\classes.dex...

-crunch:
   [crunch] Crunching PNG Files in source dir: F:\PhoneGap\ApkBuilder\SuperPhone\res
   [crunch] To destination dir: F:\PhoneGap\ApkBuilder\SuperPhone\bin\res
   [crunch] Processing image to cache: F:\PhoneGap\ApkBuilder\SuperPhone\res\drawable-hdpi\ic_launcher.png => F:\PhoneGap\ApkBuilder\SuperPhone\bin\res\drawable-hdpi\ic_launcher.png
   [crunch]   (processed image to cache entry F:\PhoneGap\ApkBuilder\SuperPhone\bin\res\drawable-hdpi\ic_launcher.png: 57% size of source)
   [crunch] Processing image to cache: F:\PhoneGap\ApkBuilder\SuperPhone\res\drawable-hdpi\splash.png => F:\PhoneGap\ApkBuilder\SuperPhone\bin\res\drawable-hdpi\splash.png
   [crunch]   (processed image to cache entry F:\PhoneGap\ApkBuilder\SuperPhone\bin\res\drawable-hdpi\splash.png: 75% size of source)
   [crunch] Processing image to cache: F:\PhoneGap\ApkBuilder\SuperPhone\res\drawable-ldpi\ic_launcher.png => F:\PhoneGap\ApkBuilder\SuperPhone\bin\res\drawable-ldpi\ic_launcher.png
   [crunch]   (processed image to cache entry F:\PhoneGap\ApkBuilder\SuperPhone\bin\res\drawable-ldpi\ic_launcher.png: 0% size of source)
   [crunch] Processing image to cache: F:\PhoneGap\ApkBuilder\SuperPhone\res\drawable-mdpi\ic_launcher.png => F:\PhoneGap\ApkBuilder\SuperPhone\bin\res\drawable-mdpi\ic_launcher.png
   [crunch]   (processed image to cache entry F:\PhoneGap\ApkBuilder\SuperPhone\bin\res\drawable-mdpi\ic_launcher.png: 0% size of source)
   [crunch] Processing image to cache: F:\PhoneGap\ApkBuilder\SuperPhone\res\drawable-xhdpi\ic_launcher.png => F:\PhoneGap\ApkBuilder\SuperPhone\bin\res\drawable-xhdpi\ic_launcher.png
   [crunch]   (processed image to cache entry F:\PhoneGap\ApkBuilder\SuperPhone\bin\res\drawable-xhdpi\ic_launcher.png: 74% size of source)
   [crunch] Crunched 5 PNG files to update cache

-package-resources:
     [aapt] Creating full resource package...

-package:
[apkbuilder] Current build type is different than previous build: forced apkbuilder run.
[apkbuilder] Creating SuperPhone-release-unsigned.apk for release...

-post-package:

-release-prompt-for-password:

-release-nosign:
     [echo] No key.store and key.alias properties found in build.properties.
     [echo] Please sign F:\PhoneGap\ApkBuilder\SuperPhone\bin\SuperPhone-release-unsigned.apk manually
     [echo] and run zipalign from the Android SDK tools.
[propertyfile] Creating new property file: F:\PhoneGap\ApkBuilder\SuperPhone\bin\build.prop
[propertyfile] Updating property file: F:\PhoneGap\ApkBuilder\SuperPhone\bin\build.prop
[propertyfile] Updating property file: F:\PhoneGap\ApkBuilder\SuperPhone\bin\build.prop
[propertyfile] Updating property file: F:\PhoneGap\ApkBuilder\SuperPhone\bin\build.prop

-release-sign:

-post-build:

release:

BUILD SUCCESSFUL
Total time: 7 seconds
SuperPhone\bin\SuperPhone-release-unsigned.apk
复制了 1 个文件
已复制         1 个文件。
   正在添加： META-INF/MANIFEST.MF
   正在添加： META-INF/ANDROID_.SF
   正在添加： META-INF/ANDROID_.RSA
  正在签名： assets/www/css/cloudFrame.css
  正在签名： assets/www/images/ajax-loader.png
  正在签名： assets/www/images/icons-18-white.png
  正在签名： assets/www/images/logo.png
  正在签名： assets/www/images/mark.png
  正在签名： assets/www/images/mark2.png
  正在签名： assets/www/js/LocationControl.js
  正在签名： assets/www/js/MeasureDistanceForCloud.js
  正在签名： assets/www/js/QueryForCloudService.js
  正在签名： assets/www/js/ShotScreenControl.js
  正在签名： assets/www/js/SuperMap.js
  正在签名： assets/www/js/common.js
  正在签名： assets/www/js/cordova-1.7.0.js
  正在签名： assets/www/js/frame.js
  正在签名： assets/www/js/jquery.js
  正在签名： assets/www/resource/controlImages/blank.gif
  正在签名： assets/www/resource/controlImages/close.gif
  正在签名： assets/www/resource/controlImages/cloud-popup-relative.png
  正在签名： assets/www/resource/controlImages/east-mini.png
  正在签名： assets/www/resource/controlImages/layer-switcher-maximize.png
  正在签名： assets/www/resource/controlImages/layer-switcher-minimize.png
  正在签名： assets/www/resource/controlImages/marker-gold.png
  正在签名： assets/www/resource/controlImages/marker.png
  正在签名： assets/www/resource/controlImages/minimize.png
  正在签名： assets/www/resource/controlImages/north-mini.png
  正在签名： assets/www/resource/controlImages/overView.png
  正在签名： assets/www/resource/controlImages/slider.png
  正在签名： assets/www/resource/controlImages/south-mini.png
  正在签名： assets/www/resource/controlImages/west-mini.png
  正在签名： assets/www/resource/controlImages/zoom-maxextent-mini.png
  正在签名： assets/www/resource/controlImages/zoom-maxextent-mini_one.png
  正在签名： assets/www/resource/controlImages/zoom-minus-mini.png
  正在签名： assets/www/resource/controlImages/zoom-plus-mini.png
  正在签名： assets/www/resource/controlImages/zoom_city.png
  正在签名： assets/www/resource/controlImages/zoom_country.png
  正在签名： assets/www/resource/controlImages/zoom_province.png
  正在签名： assets/www/resource/controlImages/zoom_street.png
  正在签名： assets/www/resource/controlImages/zoombar.png
  正在签名： assets/www/resource/controlImages/zoombar_center.png
  正在签名： assets/www/resource/controlImages/zoombar_glide.png
  正在签名： assets/www/resource/theme/default/style.css
  正在签名： assets/www/index.html
  正在签名： res/layout/main.xml
  正在签名： res/xml/cordova.xml
  正在签名： res/xml/plugins.xml
  正在签名： AndroidManifest.xml
  正在签名： resources.arsc
  正在签名： res/drawable-hdpi/ic_launcher.png
  正在签名： res/drawable-hdpi/splash.png
  正在签名： res/drawable-ldpi/ic_launcher.png
  正在签名： res/drawable-mdpi/ic_launcher.png
  正在签名： res/drawable-xhdpi/ic_launcher.png
  正在签名： classes.dex

F:\PhoneGap\ApkBuilder>cd F:\PhoneGap\ApkBuilder 

F:\PhoneGap\ApkBuilder>cd F:\PhoneGap\ApkBuilder/SuperPhone 

F:\PhoneGap\ApkBuilder\SuperPhone>ant debug 
Buildfile: F:\PhoneGap\ApkBuilder\SuperPhone\build.xml

-set-mode-check:

-set-debug-files:

-check-env:
 [checkenv] Android SDK Tools Revision 20.0.1
 [checkenv] Installed at D:\android-sdk-windows

-setup:
     [echo] Project Name: SuperPhone
  [gettype] Project Type: Application

-set-debug-mode:

-debug-obfuscation-check:

-build-setup:
     [echo] Switching between debug and non debug build: Deleting previous compilation output...
   [delete] Deleting directory F:\PhoneGap\ApkBuilder\SuperPhone\bin\classes
     [echo] Resolving Build Target for SuperPhone...
[gettarget] Project Target:   Android 2.2
[gettarget] API level:        8
     [echo] ----------
     [echo] Creating output directories if needed...
    [mkdir] Created dir: F:\PhoneGap\ApkBuilder\SuperPhone\bin\classes
     [echo] ----------
     [echo] Resolving Dependencies for SuperPhone...
[dependency] Library dependencies:
[dependency] No Libraries
[dependency] 
[dependency] ------------------
[dependency] API<=15: Adding annotations.jar to the classpath.
     [echo] ----------
     [echo] Building Libraries with 'debug'...
   [subant] No sub-builds to iterate on

-pre-build:

-code-gen:
[mergemanifest] Found Deleted Target File
[mergemanifest] Merging AndroidManifest files into one.
[mergemanifest] Manifest merger disabled. Using project manifest only.
     [echo] Handling aidl files...
     [aidl] No AIDL files to compile.
     [echo] ----------
     [echo] Handling RenderScript files...
[renderscript] No RenderScript files to compile.
     [echo] ----------
     [echo] Handling Resources...
     [aapt] Found Deleted Target File
     [aapt] Generating resource IDs...
     [echo] ----------
     [echo] Handling BuildConfig class...
[buildconfig] Build type changed: Generating new BuildConfig class.

-pre-compile:

-compile:
    [javac] Compiling 3 source files to F:\PhoneGap\ApkBuilder\SuperPhone\bin\classes
    [javac] F:\PhoneGap\ApkBuilder\SuperPhone\src\com\supermap\javascript\SuperPhoneActivity.java:11: 警告：编码 UTF-8 的不可映射字符
    [javac] // ?????PhoneGap??DroidGap?????WebView??WebKit???????
    [javac]    ^
    [javac] F:\PhoneGap\ApkBuilder\SuperPhone\src\com\supermap\javascript\SuperPhoneActivity.java:11: 警告：编码 UTF-8 的不可映射字符
    [javac] // ?????PhoneGap??DroidGap?????WebView??WebKit???????
    [javac]      ^
    [javac] F:\PhoneGap\ApkBuilder\SuperPhone\src\com\supermap\javascript\SuperPhoneActivity.java:11: 警告：编码 UTF-8 的不可映射字符
    [javac] // ?????PhoneGap??DroidGap?????WebView??WebKit???????
    [javac]       ^
    [javac] F:\PhoneGap\ApkBuilder\SuperPhone\src\com\supermap\javascript\SuperPhoneActivity.java:11: 警告：编码 UTF-8 的不可映射字符
    [javac] // ?????PhoneGap??DroidGap?????WebView??WebKit???????
    [javac]        ^
    [javac] F:\PhoneGap\ApkBuilder\SuperPhone\src\com\supermap\javascript\SuperPhoneActivity.java:11: 警告：编码 UTF-8 的不可映射字符
    [javac] // ?????PhoneGap??DroidGap?????WebView??WebKit???????
    [javac]                 ^
    [javac] F:\PhoneGap\ApkBuilder\SuperPhone\src\com\supermap\javascript\SuperPhoneActivity.java:11: 警告：编码 UTF-8 的不可映射字符
    [javac] // ?????PhoneGap??DroidGap?????WebView??WebKit???????
    [javac]                  ^
    [javac] F:\PhoneGap\ApkBuilder\SuperPhone\src\com\supermap\javascript\SuperPhoneActivity.java:11: 警告：编码 UTF-8 的不可映射字符
    [javac] // ?????PhoneGap??DroidGap?????WebView??WebKit???????
    [javac]                           ^
    [javac] F:\PhoneGap\ApkBuilder\SuperPhone\src\com\supermap\javascript\SuperPhoneActivity.java:11: 警告：编码 UTF-8 的不可映射字符
    [javac] // ?????PhoneGap??DroidGap?????WebView??WebKit???????
    [javac]                              ^
    [javac] F:\PhoneGap\ApkBuilder\SuperPhone\src\com\supermap\javascript\SuperPhoneActivity.java:11: 警告：编码 UTF-8 的不可映射字符
    [javac] // ?????PhoneGap??DroidGap?????WebView??WebKit???????
    [javac]                               ^
    [javac] F:\PhoneGap\ApkBuilder\SuperPhone\src\com\supermap\javascript\SuperPhoneActivity.java:11: 警告：编码 UTF-8 的不可映射字符
    [javac] // ?????PhoneGap??DroidGap?????WebView??WebKit???????
    [javac]                                       ^
    [javac] F:\PhoneGap\ApkBuilder\SuperPhone\src\com\supermap\javascript\SuperPhoneActivity.java:11: 警告：编码 UTF-8 的不可映射字符
    [javac] // ?????PhoneGap??DroidGap?????WebView??WebKit???????
    [javac]                                        ^
    [javac] F:\PhoneGap\ApkBuilder\SuperPhone\src\com\supermap\javascript\SuperPhoneActivity.java:11: 警告：编码 UTF-8 的不可映射字符
    [javac] // ?????PhoneGap??DroidGap?????WebView??WebKit???????
    [javac]                                               ^
    [javac] F:\PhoneGap\ApkBuilder\SuperPhone\src\com\supermap\javascript\SuperPhoneActivity.java:11: 警告：编码 UTF-8 的不可映射字符
    [javac] // ?????PhoneGap??DroidGap?????WebView??WebKit???????
    [javac]                                                ^
    [javac] F:\PhoneGap\ApkBuilder\SuperPhone\src\com\supermap\javascript\SuperPhoneActivity.java:11: 警告：编码 UTF-8 的不可映射字符
    [javac] // ?????PhoneGap??DroidGap?????WebView??WebKit???????
    [javac]                                                 ^
    [javac] F:\PhoneGap\ApkBuilder\SuperPhone\src\com\supermap\javascript\SuperPhoneActivity.java:11: 警告：编码 UTF-8 的不可映射字符
    [javac] // ?????PhoneGap??DroidGap?????WebView??WebKit???????
    [javac]                                                    ^
    [javac] F:\PhoneGap\ApkBuilder\SuperPhone\src\com\supermap\javascript\SuperPhoneActivity.java:11: 警告：编码 UTF-8 的不可映射字符
    [javac] // ?????PhoneGap??DroidGap?????WebView??WebKit???????
    [javac]                                                     ^
    [javac] F:\PhoneGap\ApkBuilder\SuperPhone\src\com\supermap\javascript\SuperPhoneActivity.java:19: 警告：编码 UTF-8 的不可映射字符
    [javac] 		// ????clouddemo????????index???
    [javac] 		   ^
    [javac] F:\PhoneGap\ApkBuilder\SuperPhone\src\com\supermap\javascript\SuperPhoneActivity.java:19: 警告：编码 UTF-8 的不可映射字符
    [javac] 		// ????clouddemo????????index???
    [javac] 		    ^
    [javac] F:\PhoneGap\ApkBuilder\SuperPhone\src\com\supermap\javascript\SuperPhoneActivity.java:19: 警告：编码 UTF-8 的不可映射字符
    [javac] 		// ????clouddemo????????index???
    [javac] 		     ^
    [javac] F:\PhoneGap\ApkBuilder\SuperPhone\src\com\supermap\javascript\SuperPhoneActivity.java:19: 警告：编码 UTF-8 的不可映射字符
    [javac] 		// ????clouddemo????????index???
    [javac] 		      ^
    [javac] F:\PhoneGap\ApkBuilder\SuperPhone\src\com\supermap\javascript\SuperPhoneActivity.java:19: 警告：编码 UTF-8 的不可映射字符
    [javac] 		// ????clouddemo????????index???
    [javac] 		                ^
    [javac] F:\PhoneGap\ApkBuilder\SuperPhone\src\com\supermap\javascript\SuperPhoneActivity.java:19: 警告：编码 UTF-8 的不可映射字符
    [javac] 		// ????clouddemo????????index???
    [javac] 		                  ^
    [javac] F:\PhoneGap\ApkBuilder\SuperPhone\src\com\supermap\javascript\SuperPhoneActivity.java:19: 警告：编码 UTF-8 的不可映射字符
    [javac] 		// ????clouddemo????????index???
    [javac] 		                   ^
    [javac] F:\PhoneGap\ApkBuilder\SuperPhone\src\com\supermap\javascript\SuperPhoneActivity.java:19: 警告：编码 UTF-8 的不可映射字符
    [javac] 		// ????clouddemo????????index???
    [javac] 		                    ^
    [javac] F:\PhoneGap\ApkBuilder\SuperPhone\src\com\supermap\javascript\SuperPhoneActivity.java:19: 警告：编码 UTF-8 的不可映射字符
    [javac] 		// ????clouddemo????????index???
    [javac] 		                     ^
    [javac] F:\PhoneGap\ApkBuilder\SuperPhone\src\com\supermap\javascript\SuperPhoneActivity.java:19: 警告：编码 UTF-8 的不可映射字符
    [javac] 		// ????clouddemo????????index???
    [javac] 		                       ^
    [javac] F:\PhoneGap\ApkBuilder\SuperPhone\src\com\supermap\javascript\SuperPhoneActivity.java:19: 警告：编码 UTF-8 的不可映射字符
    [javac] 		// ????clouddemo????????index???
    [javac] 		                              ^
    [javac] F:\PhoneGap\ApkBuilder\SuperPhone\src\com\supermap\javascript\SuperPhoneActivity.java:19: 警告：编码 UTF-8 的不可映射字符
    [javac] 		// ????clouddemo????????index???
    [javac] 		                               ^
    [javac] F:\PhoneGap\ApkBuilder\SuperPhone\src\com\supermap\javascript\SuperPhoneActivity.java:29: 警告：编码 UTF-8 的不可映射字符
    [javac] 	// PhoneGap??????????????????????
    [javac] 	            ^
    [javac] F:\PhoneGap\ApkBuilder\SuperPhone\src\com\supermap\javascript\SuperPhoneActivity.java:29: 警告：编码 UTF-8 的不可映射字符
    [javac] 	// PhoneGap??????????????????????
    [javac] 	              ^
    [javac] F:\PhoneGap\ApkBuilder\SuperPhone\src\com\supermap\javascript\SuperPhoneActivity.java:29: 警告：编码 UTF-8 的不可映射字符
    [javac] 	// PhoneGap??????????????????????
    [javac] 	               ^
    [javac] F:\PhoneGap\ApkBuilder\SuperPhone\src\com\supermap\javascript\SuperPhoneActivity.java:29: 警告：编码 UTF-8 的不可映射字符
    [javac] 	// PhoneGap??????????????????????
    [javac] 	                ^
    [javac] F:\PhoneGap\ApkBuilder\SuperPhone\src\com\supermap\javascript\SuperPhoneActivity.java:29: 警告：编码 UTF-8 的不可映射字符
    [javac] 	// PhoneGap??????????????????????
    [javac] 	                  ^
    [javac] F:\PhoneGap\ApkBuilder\SuperPhone\src\com\supermap\javascript\SuperPhoneActivity.java:29: 警告：编码 UTF-8 的不可映射字符
    [javac] 	// PhoneGap??????????????????????
    [javac] 	                    ^
    [javac] F:\PhoneGap\ApkBuilder\SuperPhone\src\com\supermap\javascript\SuperPhoneActivity.java:29: 警告：编码 UTF-8 的不可映射字符
    [javac] 	// PhoneGap??????????????????????
    [javac] 	                      ^
    [javac] F:\PhoneGap\ApkBuilder\SuperPhone\src\com\supermap\javascript\SuperPhoneActivity.java:29: 警告：编码 UTF-8 的不可映射字符
    [javac] 	// PhoneGap??????????????????????
    [javac] 	                       ^
    [javac] F:\PhoneGap\ApkBuilder\SuperPhone\src\com\supermap\javascript\SuperPhoneActivity.java:29: 警告：编码 UTF-8 的不可映射字符
    [javac] 	// PhoneGap??????????????????????
    [javac] 	                        ^
    [javac] F:\PhoneGap\ApkBuilder\SuperPhone\src\com\supermap\javascript\SuperPhoneActivity.java:29: 警告：编码 UTF-8 的不可映射字符
    [javac] 	// PhoneGap??????????????????????
    [javac] 	                          ^
    [javac] F:\PhoneGap\ApkBuilder\SuperPhone\src\com\supermap\javascript\SuperPhoneActivity.java:29: 警告：编码 UTF-8 的不可映射字符
    [javac] 	// PhoneGap??????????????????????
    [javac] 	                           ^
    [javac] F:\PhoneGap\ApkBuilder\SuperPhone\src\com\supermap\javascript\SuperPhoneActivity.java:29: 警告：编码 UTF-8 的不可映射字符
    [javac] 	// PhoneGap??????????????????????
    [javac] 	                             ^
    [javac] F:\PhoneGap\ApkBuilder\SuperPhone\src\com\supermap\javascript\SuperPhoneActivity.java:29: 警告：编码 UTF-8 的不可映射字符
    [javac] 	// PhoneGap??????????????????????
    [javac] 	                              ^
    [javac] F:\PhoneGap\ApkBuilder\SuperPhone\src\com\supermap\javascript\SuperPhoneActivity.java:29: 警告：编码 UTF-8 的不可映射字符
    [javac] 	// PhoneGap??????????????????????
    [javac] 	                                ^
    [javac] 42 警告

-post-compile:

-obfuscate:

-dex:
      [dex] Found Deleted Target File
      [dex] Converting compiled files and external libraries into F:\PhoneGap\ApkBuilder\SuperPhone\bin\classes.dex...

-crunch:
   [crunch] Crunching PNG Files in source dir: F:\PhoneGap\ApkBuilder\SuperPhone\res
   [crunch] To destination dir: F:\PhoneGap\ApkBuilder\SuperPhone\bin\res
   [crunch] Crunched 0 PNG files to update cache

-package-resources:
     [aapt] Current build type is different than previous build: forced aapt run.
     [aapt] Creating full resource package...

-package:
[apkbuilder] Current build type is different than previous build: forced apkbuilder run.
[apkbuilder] Creating SuperPhone-debug-unaligned.apk and signing it with a debug key...

-post-package:

-do-debug:
 [zipalign] Running zip align on final apk...
     [echo] Debug Package: F:\PhoneGap\ApkBuilder\SuperPhone\bin\SuperPhone-debug.apk
[propertyfile] Updating property file: F:\PhoneGap\ApkBuilder\SuperPhone\bin\build.prop
[propertyfile] Updating property file: F:\PhoneGap\ApkBuilder\SuperPhone\bin\build.prop
[propertyfile] Updating property file: F:\PhoneGap\ApkBuilder\SuperPhone\bin\build.prop
[propertyfile] Updating property file: F:\PhoneGap\ApkBuilder\SuperPhone\bin\build.prop

-post-build:

debug:

BUILD SUCCESSFUL
Total time: 7 seconds
SuperPhone\bin\SuperPhone-debug-unaligned.apk
SuperPhone\bin\SuperPhone-debug.apk
SuperPhone\bin\SuperPhone-release-unsigned.apk
复制了 3 个文件

F:\PhoneGap\ApkBuilder>cd F:\PhoneGap\ApkBuilder 

F:\PhoneGap\ApkBuilder>rmdir /s/q SuperPhone\bin\ 

F:\PhoneGap\ApkBuilder>rmdir /s/q SuperPhone\assets\www\ 

F:\PhoneGap\ApkBuilder>rmdir /s/q SuperPhone\libs\ 

F:\PhoneGap\ApkBuilder>rmdir /s/q SuperPhone\res\xml\ 

F:\PhoneGap\ApkBuilder>rmdir /s/q SuperPhone\src\com\supermap\javascript 

F:\PhoneGap\ApkBuilder>md SuperPhone\bin\ 

F:\PhoneGap\ApkBuilder>md SuperPhone\assets\www\ 

F:\PhoneGap\ApkBuilder>md SuperPhone\libs\ 

F:\PhoneGap\ApkBuilder>md SuperPhone\res\xml\ 

F:\PhoneGap\ApkBuilder>md SuperPhone\src\com\supermap\javascript 

F:\PhoneGap\ApkBuilder>del SuperPhone\project.properties 

F:\PhoneGap\ApkBuilder>del SuperPhone\proguard-project.txt 

F:\PhoneGap\ApkBuilder>del SuperPhone\local.properties 

F:\PhoneGap\ApkBuilder>del SuperPhone\build.xml 

F:\PhoneGap\ApkBuilder>del SuperPhone\res\drawable-hdpi\splash.png 

F:\PhoneGap\ApkBuilder>cd F:\PhoneGap\ApkBuilder 

F:\PhoneGap\ApkBuilder>del SuperPhone-debug-unaligned.apk 

F:\PhoneGap\ApkBuilder>del SuperPhone-release-unsigned.apk 

F:\PhoneGap\ApkBuilder>move SuperPhone-debug.apk "C:\Users\Administrator\Desktop" 
移动了         1 个文件。

F:\PhoneGap\ApkBuilder>move SuperPhone-release.apk "C:\Users\Administrator\Desktop" 
移动了         1 个文件。

F:\PhoneGap\ApkBuilder>cd F:\PhoneGap\ApkBuilder 

F:\PhoneGap\ApkBuilder>move /y APP_ICO_BAK\drawable-hdpi\ic_launcher.png SuperPhone\res\drawable-hdpi\ic_launcher.png 
移动了         1 个文件。

F:\PhoneGap\ApkBuilder>move /y APP_ICO_BAK\drawable-ldpi\ic_launcher.png SuperPhone\res\drawable-ldpi\ic_launcher.png 
移动了         1 个文件。

F:\PhoneGap\ApkBuilder>move /y APP_ICO_BAK\drawable-mdpi\ic_launcher.png SuperPhone\res\drawable-mdpi\ic_launcher.png 
移动了         1 个文件。

F:\PhoneGap\ApkBuilder>move /y APP_ICO_BAK\drawable-xhdpi\ic_launcher.png SuperPhone\res\drawable-xhdpi\ic_launcher.png 
移动了         1 个文件。
